<?xml version="1.0" encoding="UTF-8"?>
<!-- Generated by org.testng.reporters.JUnitReportReporter -->
<testsuite skipped="0" hostname="Suuresh-PC" name="com.HealthCare.Registration.TempRegistration" tests="1" failures="0" timestamp="18 Sep 2018 04:15:04 GMT" time="9.747" errors="0">
  <testcase name="login" time="9.747" classname="com.HealthCare.Registration.TempRegistration"/>
</testsuite> <!-- com.HealthCare.Registration.TempRegistration -->
