<?xml version="1.0" encoding="UTF-8"?>
<!-- Generated by org.testng.reporters.JUnitReportReporter -->
<testsuite skipped="0" hostname="Suuresh-PC" name="com.HealthCare.Registration.TempRegistration" tests="1" failures="0" timestamp="01 Oct 2018 03:08:16 GMT" time="0.649" errors="0">
  <testcase name="login" time="0.649" classname="com.HealthCare.Registration.TempRegistration"/>
</testsuite> <!-- com.HealthCare.Registration.TempRegistration -->
